C51 COMPILER V9.50a   ISR                                                                  05/05/2014 05:32:03 PAGE 1   


C51 COMPILER V9.50a, COMPILATION OF MODULE ISR
OBJECT MODULE PLACED IN isr.obj
COMPILER INVOKED BY: C:\Keil\C51\BIN\C51.EXE src\isr.c BROWSE INCDIR(.\inc) DEBUG OBJECTEXTEND PRINT(.\isr.lst) TABS(2) 
                    -OBJECT(isr.obj)

line level    source

   1          /**
   2           * @file    : isr.c
   3           * @brief   :Contiene todas las rutinas a usarse
   4           *  
   5           * @version : 1.0
   6           * @date    : xx/xx/2013
   7           * @author  : by_Ra!
   8          ===============================================================================
   9          */
  10          #include <C8051F020.H>
  11          
  12          /*---------------------Defines---------------------
  13          El timer0 va a desbordar cada 1000us entonces el calculo
  14          es: para un cristal de 11.0592Mhz ---> T/12 = 1.085us
  15           1ms / 1.085us = 921 cuentas
  16          ----------------------------------------------------*/
  17          #define t_1000us_h    (0xFFFF-921) >> 8
  18          #define t_1000us_l    (0xFFFF-921)
  19          
  20          /*---------------------Variables ------------------------*/
  21          extern volatile int mi_tiempo; //definida en main.c
  22          
  23          /*********************************************************************
  24           * @fn void isr_timer0()
  25           * @brief rutina de interrupcion para el timer 0. Recarga 
  26           * @param[in] void
  27           * @return  void
  28           * Note: 
  29           **********************************************************************/
  30          void isr_timer0 () interrupt 1 
  31          {
  32   1        mi_tiempo++;
  33   1        if(mi_tiempo >50000) mi_tiempo = 0;
  34   1        TH0 = t_1000us_h;   
  35   1        TL0 = t_1000us_l + TL0;
  36   1      }
  37          
  38          /* --------------------------------- End Of File ------------------------------ */


MODULE INFORMATION:   STATIC OVERLAYABLE
   CODE SIZE        =    102    ----
   CONSTANT SIZE    =   ----    ----
   XDATA SIZE       =   ----    ----
   PDATA SIZE       =   ----    ----
   DATA SIZE        =   ----    ----
   IDATA SIZE       =   ----    ----
   BIT SIZE         =   ----    ----
END OF MODULE INFORMATION.


C51 COMPILATION COMPLETE.  0 WARNING(S),  0 ERROR(S)
