C51 COMPILER V9.03   MDT                                                                   12/07/2014 19:07:43 PAGE 1   


C51 COMPILER V9.03, COMPILATION OF MODULE MDT
OBJECT MODULE PLACED IN .\obj\mdt.obj
COMPILER INVOKED BY: C:\Keil\C51\BIN\C51.exe src\mdt.c LARGE ROM(COMPACT) OPTIMIZE(9,SIZE) BROWSE INCDIR(.\inc) DEBUG OB
                    -JECTEXTEND PRINT(.\lst\mdt.lst) OBJECT(.\obj\mdt.obj)

line level    source

   1          /**
   2           * @file        : mdt.c
   3           * @brief       : Funcion llamada desde una interrupcion de 100us la cual decrementa
   4           * un arrays donde cada elemento representa a un delay
   5           * @version     : 2.0 - C8051f020
   6           * @date        : 24/11/2014
   7           * @author      : by_Ra!
   8            * NOTE:       ON = el timer esta encendido ( esta contando )
   9                                  OFF = el timer esta apagado     ( no cuenta )
  10          ===============================================================================
  11          */
  12          
  13          #include "main.h"
  14          #include "mdt.h"
  15          /*--------------------Variables Globales -----------------------------*/
  16          
  17          UNS_16  AUX[8] = {0,0,0,0,0,0,0,0};
  18          
  19          bit timer_2500us = OFF;
  20          //bit timer_500us = OFF;
  21          bit timer_1ms = OFF;
  22          //bit timer_2ms = OFF;
  23          //bit timer_5ms = OFF;
  24          //bit timer_10ms = OFF;
  25          bit timer_1s = OFF;
  26          bit timer_2s = OFF; 
  27          /*********************************************************************
  28           * @fn                  : void mdt ( void )
  29           * @brief               : hace poolling a un array decrementando cada elemento en
  30           * caso de estar habilitado(por un define en otra parte del programa), al 
  31           * llegar a dicho elemento lo decrementa en caso de ser posible, de lo contrario
  32           * borra un flag informando la finalizacion del tiempo X
  33           * @param[in]   : void
  34           * @return              : void
  35           * Note: Comentar los timer que no se necesiten
  36           **********************************************************************/
  37          void mdt ()
  38          {
  39   1      if (AUX[0]){AUX[0]--;}
  40   1              else {timer_2500us = OFF;}
  41   1      /*
  42   1      if (AUX[1]){AUX[1]--;}
  43   1              else {timer_500us = OFF;}
  44   1      -*/
  45   1      if (AUX[2]){AUX[2]--;}
  46   1              else {timer_1ms = OFF;}
  47   1      /*-
  48   1      if (AUX[3]){AUX[3]--;}
  49   1              else {timer_2ms = OFF;}
  50   1      if (AUX[4]){AUX[4]--;}
  51   1              else {timer_5ms = OFF;}
  52   1      /if (AUX[5]){AUX[5]--;}
  53   1              else {timer_10ms = OFF;}
  54   1      -*/
C51 COMPILER V9.03   MDT                                                                   12/07/2014 19:07:43 PAGE 2   

  55   1      if (AUX[6]){AUX[6]--;}
  56   1              else {timer_1s = OFF;}
  57   1      if (AUX[7]){AUX[7]--;}
  58   1              else {timer_2s = OFF;}
  59   1      
  60   1      }
  61          
  62          /* --------------------------------- End Of File ------------------------------ */


MODULE INFORMATION:   STATIC OVERLAYABLE
   CODE SIZE        =     90    ----
   CONSTANT SIZE    =   ----    ----
   XDATA SIZE       =     16    ----
   PDATA SIZE       =   ----    ----
   DATA SIZE        =   ----    ----
   IDATA SIZE       =   ----    ----
   BIT SIZE         =      4    ----
END OF MODULE INFORMATION.


C51 COMPILATION COMPLETE.  0 WARNING(S),  0 ERROR(S)
